{"C:\\Users\\ASUS\\Desktop\\shastra-lab-main\\shastra-lab-main\\src\\components\\StreakDisplay.tsx": {"path":"C:\\Users\\ASUS\\Desktop\\shastra-lab-main\\shastra-lab-main\\src\\components\\StreakDisplay.tsx","statementMap":{"0":{"start":{"line":19,"column":22},"end":{"line":23,"column":null}},"1":{"start":{"line":25,"column":24},"end":{"line":29,"column":null}},"2":{"start":{"line":31,"column":2},"end":{"line":52,"column":null}},"3":{"start":{"line":32,"column":4},"end":{"line":48,"column":null}},"4":{"start":{"line":54,"column":2},"end":{"line":89,"column":null}},"5":{"start":{"line":55,"column":4},"end":{"line":84,"column":null}},"6":{"start":{"line":91,"column":2},"end":{"line":150,"column":null}},"7":{"start":{"line":148,"column":32},"end":{"line":150,"column":null}}},"fnMap":{"0":{"name":"StreakDisplay","decl":{"start":{"line":13,"column":16},"end":{"line":13,"column":30}},"loc":{"start":{"line":18,"column":21},"end":{"line":167,"column":null}},"line":18},"1":{"name":"(anonymous_1)","decl":{"start":{"line":148,"column":31},"end":{"line":148,"column":32}},"loc":{"start":{"line":148,"column":32},"end":{"line":150,"column":null}},"line":148}},"branchMap":{"0":{"loc":{"start":{"line":17,"column":2},"end":{"line":17,"column":18}},"type":"default-arg","locations":[{"start":{"line":17,"column":12},"end":{"line":17,"column":18}}],"line":17},"1":{"loc":{"start":{"line":19,"column":22},"end":{"line":23,"column":null}},"type":"cond-expr","locations":[{"start":{"line":20,"column":6},"end":{"line":20,"column":null}},{"start":{"line":21,"column":6},"end":{"line":23,"column":null}}],"line":19},"2":{"loc":{"start":{"line":21,"column":6},"end":{"line":23,"column":null}},"type":"cond-expr","locations":[{"start":{"line":22,"column":6},"end":{"line":22,"column":null}},{"start":{"line":23,"column":6},"end":{"line":23,"column":null}}],"line":21},"3":{"loc":{"start":{"line":25,"column":24},"end":{"line":29,"column":null}},"type":"cond-expr","locations":[{"start":{"line":26,"column":6},"end":{"line":26,"column":null}},{"start":{"line":27,"column":6},"end":{"line":29,"column":null}}],"line":25},"4":{"loc":{"start":{"line":27,"column":6},"end":{"line":29,"column":null}},"type":"cond-expr","locations":[{"start":{"line":28,"column":6},"end":{"line":28,"column":null}},{"start":{"line":29,"column":6},"end":{"line":29,"column":null}}],"line":27},"5":{"loc":{"start":{"line":31,"column":2},"end":{"line":52,"column":null}},"type":"if","locations":[{"start":{"line":31,"column":2},"end":{"line":52,"column":null}},{"start":{},"end":{}}],"line":31},"6":{"loc":{"start":{"line":35,"column":19},"end":{"line":35,"column":null}},"type":"cond-expr","locations":[{"start":{"line":35,"column":39},"end":{"line":35,"column":64}},{"start":{"line":35,"column":64},"end":{"line":35,"column":null}}],"line":35},"7":{"loc":{"start":{"line":47,"column":9},"end":{"line":48,"column":null}},"type":"binary-expr","locations":[{"start":{"line":47,"column":9},"end":{"line":47,"column":null}},{"start":{"line":47,"column":9},"end":{"line":48,"column":null}}],"line":47},"8":{"loc":{"start":{"line":54,"column":2},"end":{"line":89,"column":null}},"type":"if","locations":[{"start":{"line":54,"column":2},"end":{"line":89,"column":null}},{"start":{},"end":{}}],"line":54},"9":{"loc":{"start":{"line":59,"column":8},"end":{"line":59,"column":null}},"type":"cond-expr","locations":[{"start":{"line":59,"column":29},"end":{"line":59,"column":54}},{"start":{"line":59,"column":54},"end":{"line":59,"column":null}}],"line":59},"10":{"loc":{"start":{"line":59,"column":54},"end":{"line":59,"column":null}},"type":"cond-expr","locations":[{"start":{"line":59,"column":75},"end":{"line":59,"column":99}},{"start":{"line":59,"column":99},"end":{"line":59,"column":null}}],"line":59},"11":{"loc":{"start":{"line":62,"column":19},"end":{"line":65,"column":null}},"type":"cond-expr","locations":[{"start":{"line":62,"column":39},"end":{"line":65,"column":14}},{"start":{"line":65,"column":14},"end":{"line":65,"column":null}}],"line":62},"12":{"loc":{"start":{"line":81,"column":9},"end":{"line":84,"column":null}},"type":"binary-expr","locations":[{"start":{"line":81,"column":9},"end":{"line":81,"column":null}},{"start":{"line":81,"column":9},"end":{"line":84,"column":null}}],"line":81},"13":{"loc":{"start":{"line":94,"column":6},"end":{"line":94,"column":null}},"type":"binary-expr","locations":[{"start":{"line":94,"column":6},"end":{"line":94,"column":28}},{"start":{"line":94,"column":28},"end":{"line":94,"column":null}}],"line":94},"14":{"loc":{"start":{"line":109,"column":23},"end":{"line":109,"column":null}},"type":"cond-expr","locations":[{"start":{"line":109,"column":43},"end":{"line":109,"column":69}},{"start":{"line":109,"column":69},"end":{"line":109,"column":null}}],"line":109},"15":{"loc":{"start":{"line":118,"column":13},"end":{"line":124,"column":null}},"type":"cond-expr","locations":[{"start":{"line":118,"column":13},"end":{"line":124,"column":15}},{"start":{"line":124,"column":14},"end":{"line":124,"column":null}}],"line":118},"16":{"loc":{"start":{"line":139,"column":9},"end":{"line":150,"column":null}},"type":"binary-expr","locations":[{"start":{"line":139,"column":9},"end":{"line":139,"column":null}},{"start":{"line":139,"column":25},"end":{"line":150,"column":null}}],"line":139},"17":{"loc":{"start":{"line":153,"column":20},"end":{"line":155,"column":null}},"type":"cond-expr","locations":[{"start":{"line":154,"column":24},"end":{"line":154,"column":null}},{"start":{"line":155,"column":24},"end":{"line":155,"column":null}}],"line":153}},"s":{"0":13,"1":13,"2":13,"3":2,"4":11,"5":2,"6":9,"7":24},"f":{"0":13,"1":24},"b":{"0":[13],"1":[4,9],"2":[6,3],"3":[4,9],"4":[6,3],"5":[2,11],"6":[2,0],"7":[2,2],"8":[2,9],"9":[1,1],"10":[1,0],"11":[2,0],"12":[2,1],"13":[9,3],"14":[8,1],"15":[3,6],"16":[13,8],"17":[5,19]},"meta":{"lastBranch":18,"lastFunction":2,"lastStatement":8,"seen":{"f:13:16:13:30":0,"b:17:12:17:18":0,"s:19:22:23:Infinity":0,"b:20:6:20:Infinity:21:6:23:Infinity":1,"b:22:6:22:Infinity:23:6:23:Infinity":2,"s:25:24:29:Infinity":1,"b:26:6:26:Infinity:27:6:29:Infinity":3,"b:28:6:28:Infinity:29:6:29:Infinity":4,"b:31:2:52:Infinity:undefined:undefined:undefined:undefined":5,"s:31:2:52:Infinity":2,"s:32:4:48:Infinity":3,"b:35:39:35:64:35:64:35:Infinity":6,"b:47:9:47:Infinity:47:9:48:Infinity":7,"b:54:2:89:Infinity:undefined:undefined:undefined:undefined":8,"s:54:2:89:Infinity":4,"s:55:4:84:Infinity":5,"b:59:29:59:54:59:54:59:Infinity":9,"b:59:75:59:99:59:99:59:Infinity":10,"b:62:39:65:14:65:14:65:Infinity":11,"b:81:9:81:Infinity:81:9:84:Infinity":12,"s:91:2:150:Infinity":6,"b:94:6:94:28:94:28:94:Infinity":13,"b:109:43:109:69:109:69:109:Infinity":14,"b:118:13:124:15:124:14:124:Infinity":15,"b:139:9:139:Infinity:139:25:150:Infinity":16,"f:148:31:148:32":1,"s:148:32:150:Infinity":7,"b:154:24:154:Infinity:155:24:155:Infinity":17}}}
,"C:\\Users\\ASUS\\Desktop\\shastra-lab-main\\shastra-lab-main\\src\\components\\ui\\card.tsx": {"path":"C:\\Users\\ASUS\\Desktop\\shastra-lab-main\\shastra-lab-main\\src\\components\\ui\\card.tsx","statementMap":{"0":{"start":{"line":6,"column":6},"end":{"line":20,"column":null}},"1":{"start":{"line":27,"column":13},"end":{"line":32,"column":null}},"2":{"start":{"line":28,"column":37},"end":{"line":32,"column":null}},"3":{"start":{"line":36,"column":0},"end":{"line":36,"column":null}},"4":{"start":{"line":38,"column":19},"end":{"line":45,"column":null}},"5":{"start":{"line":41,"column":28},"end":{"line":45,"column":null}},"6":{"start":{"line":48,"column":0},"end":{"line":48,"column":null}},"7":{"start":{"line":50,"column":18},"end":{"line":60,"column":null}},"8":{"start":{"line":53,"column":28},"end":{"line":60,"column":null}},"9":{"start":{"line":63,"column":0},"end":{"line":63,"column":null}},"10":{"start":{"line":65,"column":24},"end":{"line":72,"column":null}},"11":{"start":{"line":68,"column":28},"end":{"line":72,"column":null}},"12":{"start":{"line":75,"column":0},"end":{"line":75,"column":null}},"13":{"start":{"line":77,"column":20},"end":{"line":81,"column":null}},"14":{"start":{"line":80,"column":28},"end":{"line":81,"column":null}},"15":{"start":{"line":83,"column":0},"end":{"line":83,"column":null}},"16":{"start":{"line":85,"column":19},"end":{"line":92,"column":null}},"17":{"start":{"line":88,"column":28},"end":{"line":92,"column":null}},"18":{"start":{"line":95,"column":0},"end":{"line":95,"column":null}}},"fnMap":{"0":{"name":"(anonymous_0)","decl":{"start":{"line":28,"column":2},"end":{"line":28,"column":3}},"loc":{"start":{"line":28,"column":37},"end":{"line":32,"column":null}},"line":28},"1":{"name":"(anonymous_1)","decl":{"start":{"line":41,"column":2},"end":{"line":41,"column":3}},"loc":{"start":{"line":41,"column":28},"end":{"line":45,"column":null}},"line":41},"2":{"name":"(anonymous_2)","decl":{"start":{"line":53,"column":2},"end":{"line":53,"column":3}},"loc":{"start":{"line":53,"column":28},"end":{"line":60,"column":null}},"line":53},"3":{"name":"(anonymous_3)","decl":{"start":{"line":68,"column":2},"end":{"line":68,"column":3}},"loc":{"start":{"line":68,"column":28},"end":{"line":72,"column":null}},"line":68},"4":{"name":"(anonymous_4)","decl":{"start":{"line":80,"column":2},"end":{"line":80,"column":3}},"loc":{"start":{"line":80,"column":28},"end":{"line":81,"column":null}},"line":80},"5":{"name":"(anonymous_5)","decl":{"start":{"line":88,"column":2},"end":{"line":88,"column":3}},"loc":{"start":{"line":88,"column":28},"end":{"line":92,"column":null}},"line":88}},"branchMap":{},"s":{"0":1,"1":1,"2":9,"3":1,"4":1,"5":9,"6":1,"7":1,"8":9,"9":1,"10":1,"11":0,"12":1,"13":1,"14":9,"15":1,"16":1,"17":0,"18":1},"f":{"0":9,"1":9,"2":9,"3":0,"4":9,"5":0},"b":{},"meta":{"lastBranch":0,"lastFunction":6,"lastStatement":19,"seen":{"s:6:6:20:Infinity":0,"s:27:13:32:Infinity":1,"f:28:2:28:3":0,"s:28:37:32:Infinity":2,"s:36:0:36:Infinity":3,"s:38:19:45:Infinity":4,"f:41:2:41:3":1,"s:41:28:45:Infinity":5,"s:48:0:48:Infinity":6,"s:50:18:60:Infinity":7,"f:53:2:53:3":2,"s:53:28:60:Infinity":8,"s:63:0:63:Infinity":9,"s:65:24:72:Infinity":10,"f:68:2:68:3":3,"s:68:28:72:Infinity":11,"s:75:0:75:Infinity":12,"s:77:20:81:Infinity":13,"f:80:2:80:3":4,"s:80:28:81:Infinity":14,"s:83:0:83:Infinity":15,"s:85:19:92:Infinity":16,"f:88:2:88:3":5,"s:88:28:92:Infinity":17,"s:95:0:95:Infinity":18}}}
,"C:\\Users\\ASUS\\Desktop\\shastra-lab-main\\shastra-lab-main\\src\\hooks\\useAuth.tsx": {"path":"C:\\Users\\ASUS\\Desktop\\shastra-lab-main\\shastra-lab-main\\src\\hooks\\useAuth.tsx","statementMap":{"0":{"start":{"line":14,"column":6},"end":{"line":14,"column":null}},"1":{"start":{"line":17,"column":23},"end":{"line":17,"column":null}},"2":{"start":{"line":18,"column":29},"end":{"line":18,"column":null}},"3":{"start":{"line":19,"column":29},"end":{"line":19,"column":null}},"4":{"start":{"line":21,"column":2},"end":{"line":39,"column":null}},"5":{"start":{"line":23,"column":39},"end":{"line":28,"column":null}},"6":{"start":{"line":25,"column":8},"end":{"line":25,"column":null}},"7":{"start":{"line":26,"column":8},"end":{"line":26,"column":null}},"8":{"start":{"line":27,"column":8},"end":{"line":27,"column":null}},"9":{"start":{"line":32,"column":4},"end":{"line":36,"column":null}},"10":{"start":{"line":33,"column":6},"end":{"line":33,"column":null}},"11":{"start":{"line":34,"column":6},"end":{"line":34,"column":null}},"12":{"start":{"line":35,"column":6},"end":{"line":35,"column":null}},"13":{"start":{"line":38,"column":4},"end":{"line":38,"column":null}},"14":{"start":{"line":38,"column":17},"end":{"line":38,"column":null}},"15":{"start":{"line":41,"column":17},"end":{"line":55,"column":null}},"16":{"start":{"line":42,"column":24},"end":{"line":42,"column":52}},"17":{"start":{"line":44,"column":22},"end":{"line":53,"column":null}},"18":{"start":{"line":54,"column":4},"end":{"line":54,"column":null}},"19":{"start":{"line":57,"column":17},"end":{"line":63,"column":null}},"20":{"start":{"line":58,"column":22},"end":{"line":61,"column":null}},"21":{"start":{"line":62,"column":4},"end":{"line":62,"column":null}},"22":{"start":{"line":65,"column":18},"end":{"line":67,"column":null}},"23":{"start":{"line":66,"column":4},"end":{"line":66,"column":null}},"24":{"start":{"line":69,"column":2},"end":{"line":71,"column":null}},"25":{"start":{"line":77,"column":8},"end":{"line":77,"column":null}},"26":{"start":{"line":78,"column":2},"end":{"line":80,"column":null}},"27":{"start":{"line":79,"column":4},"end":{"line":79,"column":null}},"28":{"start":{"line":81,"column":2},"end":{"line":81,"column":null}}},"fnMap":{"0":{"name":"AuthProvider","decl":{"start":{"line":16,"column":16},"end":{"line":16,"column":29}},"loc":{"start":{"line":16,"column":66},"end":{"line":74,"column":null}},"line":16},"1":{"name":"(anonymous_1)","decl":{"start":{"line":21,"column":12},"end":{"line":21,"column":null}},"loc":{"start":{"line":21,"column":12},"end":{"line":39,"column":5}},"line":21},"2":{"name":"(anonymous_2)","decl":{"start":{"line":24,"column":6},"end":{"line":24,"column":7}},"loc":{"start":{"line":24,"column":14},"end":{"line":28,"column":null}},"line":24},"3":{"name":"(anonymous_3)","decl":{"start":{"line":32,"column":36},"end":{"line":32,"column":37}},"loc":{"start":{"line":32,"column":58},"end":{"line":36,"column":null}},"line":32},"4":{"name":"(anonymous_4)","decl":{"start":{"line":38,"column":11},"end":{"line":38,"column":17}},"loc":{"start":{"line":38,"column":17},"end":{"line":38,"column":null}},"line":38},"5":{"name":"(anonymous_5)","decl":{"start":{"line":41,"column":17},"end":{"line":41,"column":24}},"loc":{"start":{"line":41,"column":57},"end":{"line":55,"column":null}},"line":41},"6":{"name":"(anonymous_6)","decl":{"start":{"line":57,"column":17},"end":{"line":57,"column":24}},"loc":{"start":{"line":57,"column":39},"end":{"line":63,"column":null}},"line":57},"7":{"name":"(anonymous_7)","decl":{"start":{"line":65,"column":18},"end":{"line":65,"column":null}},"loc":{"start":{"line":65,"column":18},"end":{"line":67,"column":null}},"line":65},"8":{"name":"useAuth","decl":{"start":{"line":76,"column":16},"end":{"line":76,"column":null}},"loc":{"start":{"line":76,"column":16},"end":{"line":82,"column":null}},"line":76}},"branchMap":{"0":{"loc":{"start":{"line":26,"column":16},"end":{"line":26,"column":null}},"type":"binary-expr","locations":[{"start":{"line":26,"column":16},"end":{"line":26,"column":33}},{"start":{"line":26,"column":33},"end":{"line":26,"column":null}}],"line":26},"1":{"loc":{"start":{"line":34,"column":14},"end":{"line":34,"column":null}},"type":"binary-expr","locations":[{"start":{"line":34,"column":14},"end":{"line":34,"column":31}},{"start":{"line":34,"column":31},"end":{"line":34,"column":null}}],"line":34},"2":{"loc":{"start":{"line":78,"column":2},"end":{"line":80,"column":null}},"type":"if","locations":[{"start":{"line":78,"column":2},"end":{"line":80,"column":null}},{"start":{},"end":{}}],"line":78}},"s":{"0":1,"1":14,"2":14,"3":14,"4":14,"5":13,"6":13,"7":13,"8":13,"9":13,"10":13,"11":13,"12":13,"13":13,"14":13,"15":14,"16":0,"17":0,"18":0,"19":14,"20":0,"21":0,"22":14,"23":0,"24":14,"25":0,"26":0,"27":0,"28":0},"f":{"0":14,"1":13,"2":13,"3":13,"4":13,"5":0,"6":0,"7":0,"8":0},"b":{"0":[13,13],"1":[13,13],"2":[0,0]},"meta":{"lastBranch":3,"lastFunction":9,"lastStatement":29,"seen":{"s:14:6:14:Infinity":0,"f:16:16:16:29":0,"s:17:23:17:Infinity":1,"s:18:29:18:Infinity":2,"s:19:29:19:Infinity":3,"s:21:2:39:Infinity":4,"f:21:12:21:Infinity":1,"s:23:39:28:Infinity":5,"f:24:6:24:7":2,"s:25:8:25:Infinity":6,"s:26:8:26:Infinity":7,"b:26:16:26:33:26:33:26:Infinity":0,"s:27:8:27:Infinity":8,"s:32:4:36:Infinity":9,"f:32:36:32:37":3,"s:33:6:33:Infinity":10,"s:34:6:34:Infinity":11,"b:34:14:34:31:34:31:34:Infinity":1,"s:35:6:35:Infinity":12,"s:38:4:38:Infinity":13,"f:38:11:38:17":4,"s:38:17:38:Infinity":14,"s:41:17:55:Infinity":15,"f:41:17:41:24":5,"s:42:24:42:52":16,"s:44:22:53:Infinity":17,"s:54:4:54:Infinity":18,"s:57:17:63:Infinity":19,"f:57:17:57:24":6,"s:58:22:61:Infinity":20,"s:62:4:62:Infinity":21,"s:65:18:67:Infinity":22,"f:65:18:65:Infinity":7,"s:66:4:66:Infinity":23,"s:69:2:71:Infinity":24,"f:76:16:76:Infinity":8,"s:77:8:77:Infinity":25,"b:78:2:80:Infinity:undefined:undefined:undefined:undefined":2,"s:78:2:80:Infinity":26,"s:79:4:79:Infinity":27,"s:81:2:81:Infinity":28}}}
,"C:\\Users\\ASUS\\Desktop\\shastra-lab-main\\shastra-lab-main\\src\\hooks\\useCountdownTimer.ts": {"path":"C:\\Users\\ASUS\\Desktop\\shastra-lab-main\\shastra-lab-main\\src\\hooks\\useCountdownTimer.ts","statementMap":{"0":{"start":{"line":27,"column":25},"end":{"line":27,"column":null}},"1":{"start":{"line":28,"column":41},"end":{"line":28,"column":null}},"2":{"start":{"line":29,"column":33},"end":{"line":29,"column":null}},"3":{"start":{"line":30,"column":31},"end":{"line":30,"column":null}},"4":{"start":{"line":31,"column":8},"end":{"line":31,"column":null}},"5":{"start":{"line":32,"column":8},"end":{"line":32,"column":null}},"6":{"start":{"line":35,"column":2},"end":{"line":37,"column":null}},"7":{"start":{"line":36,"column":4},"end":{"line":36,"column":null}},"8":{"start":{"line":39,"column":2},"end":{"line":41,"column":null}},"9":{"start":{"line":40,"column":4},"end":{"line":40,"column":null}},"10":{"start":{"line":43,"column":2},"end":{"line":59,"column":null}},"11":{"start":{"line":44,"column":4},"end":{"line":44,"column":null}},"12":{"start":{"line":44,"column":42},"end":{"line":44,"column":null}},"13":{"start":{"line":46,"column":21},"end":{"line":56,"column":null}},"14":{"start":{"line":47,"column":6},"end":{"line":55,"column":null}},"15":{"start":{"line":48,"column":8},"end":{"line":53,"column":null}},"16":{"start":{"line":49,"column":10},"end":{"line":49,"column":null}},"17":{"start":{"line":50,"column":10},"end":{"line":50,"column":null}},"18":{"start":{"line":51,"column":10},"end":{"line":51,"column":null}},"19":{"start":{"line":52,"column":10},"end":{"line":52,"column":null}},"20":{"start":{"line":54,"column":8},"end":{"line":54,"column":null}},"21":{"start":{"line":58,"column":4},"end":{"line":58,"column":null}},"22":{"start":{"line":58,"column":17},"end":{"line":58,"column":null}},"23":{"start":{"line":61,"column":8},"end":{"line":65,"column":null}},"24":{"start":{"line":62,"column":4},"end":{"line":64,"column":null}},"25":{"start":{"line":63,"column":6},"end":{"line":63,"column":null}},"26":{"start":{"line":67,"column":8},"end":{"line":69,"column":null}},"27":{"start":{"line":68,"column":4},"end":{"line":68,"column":null}},"28":{"start":{"line":71,"column":8},"end":{"line":76,"column":null}},"29":{"start":{"line":72,"column":20},"end":{"line":72,"column":76}},"30":{"start":{"line":73,"column":4},"end":{"line":73,"column":null}},"31":{"start":{"line":74,"column":4},"end":{"line":74,"column":null}},"32":{"start":{"line":75,"column":4},"end":{"line":75,"column":null}},"33":{"start":{"line":78,"column":8},"end":{"line":82,"column":null}},"34":{"start":{"line":79,"column":17},"end":{"line":79,"column":null}},"35":{"start":{"line":80,"column":17},"end":{"line":80,"column":null}},"36":{"start":{"line":81,"column":4},"end":{"line":81,"column":null}},"37":{"start":{"line":84,"column":18},"end":{"line":84,"column":null}},"38":{"start":{"line":85,"column":18},"end":{"line":85,"column":null}},"39":{"start":{"line":86,"column":27},"end":{"line":86,"column":null}},"40":{"start":{"line":88,"column":2},"end":{"line":99,"column":null}}},"fnMap":{"0":{"name":"useCountdownTimer","decl":{"start":{"line":22,"column":16},"end":{"line":22,"column":34}},"loc":{"start":{"line":26,"column":27},"end":{"line":100,"column":null}},"line":26},"1":{"name":"(anonymous_1)","decl":{"start":{"line":35,"column":12},"end":{"line":35,"column":null}},"loc":{"start":{"line":35,"column":12},"end":{"line":37,"column":5}},"line":35},"2":{"name":"(anonymous_2)","decl":{"start":{"line":39,"column":12},"end":{"line":39,"column":null}},"loc":{"start":{"line":39,"column":12},"end":{"line":41,"column":5}},"line":39},"3":{"name":"(anonymous_3)","decl":{"start":{"line":43,"column":12},"end":{"line":43,"column":null}},"loc":{"start":{"line":43,"column":12},"end":{"line":59,"column":5}},"line":43},"4":{"name":"(anonymous_4)","decl":{"start":{"line":46,"column":33},"end":{"line":46,"column":null}},"loc":{"start":{"line":46,"column":33},"end":{"line":56,"column":7}},"line":46},"5":{"name":"(anonymous_5)","decl":{"start":{"line":47,"column":23},"end":{"line":47,"column":24}},"loc":{"start":{"line":47,"column":24},"end":{"line":55,"column":null}},"line":47},"6":{"name":"(anonymous_6)","decl":{"start":{"line":58,"column":11},"end":{"line":58,"column":17}},"loc":{"start":{"line":58,"column":17},"end":{"line":58,"column":null}},"line":58},"7":{"name":"(anonymous_7)","decl":{"start":{"line":61,"column":28},"end":{"line":61,"column":null}},"loc":{"start":{"line":61,"column":28},"end":{"line":65,"column":5}},"line":61},"8":{"name":"(anonymous_8)","decl":{"start":{"line":67,"column":28},"end":{"line":67,"column":null}},"loc":{"start":{"line":67,"column":28},"end":{"line":69,"column":5}},"line":67},"9":{"name":"(anonymous_9)","decl":{"start":{"line":71,"column":28},"end":{"line":71,"column":29}},"loc":{"start":{"line":71,"column":29},"end":{"line":76,"column":5}},"line":71},"10":{"name":"(anonymous_10)","decl":{"start":{"line":78,"column":33},"end":{"line":78,"column":null}},"loc":{"start":{"line":78,"column":33},"end":{"line":82,"column":5}},"line":78}},"branchMap":{"0":{"loc":{"start":{"line":25,"column":2},"end":{"line":25,"column":19}},"type":"default-arg","locations":[{"start":{"line":25,"column":14},"end":{"line":25,"column":19}}],"line":25},"1":{"loc":{"start":{"line":44,"column":4},"end":{"line":44,"column":null}},"type":"if","locations":[{"start":{"line":44,"column":4},"end":{"line":44,"column":null}},{"start":{},"end":{}}],"line":44},"2":{"loc":{"start":{"line":44,"column":8},"end":{"line":44,"column":42}},"type":"binary-expr","locations":[{"start":{"line":44,"column":8},"end":{"line":44,"column":22}},{"start":{"line":44,"column":22},"end":{"line":44,"column":42}}],"line":44},"3":{"loc":{"start":{"line":48,"column":8},"end":{"line":53,"column":null}},"type":"if","locations":[{"start":{"line":48,"column":8},"end":{"line":53,"column":null}},{"start":{},"end":{}}],"line":48},"4":{"loc":{"start":{"line":62,"column":4},"end":{"line":64,"column":null}},"type":"if","locations":[{"start":{"line":62,"column":4},"end":{"line":64,"column":null}},{"start":{},"end":{}}],"line":62},"5":{"loc":{"start":{"line":72,"column":20},"end":{"line":72,"column":76}},"type":"cond-expr","locations":[{"start":{"line":72,"column":33},"end":{"line":72,"column":51}},{"start":{"line":72,"column":51},"end":{"line":72,"column":76}}],"line":72}},"s":{"0":36,"1":36,"2":36,"3":36,"4":36,"5":36,"6":36,"7":13,"8":36,"9":12,"10":36,"11":31,"12":20,"13":11,"14":300,"15":300,"16":3,"17":3,"18":3,"19":3,"20":297,"21":11,"22":11,"23":36,"24":10,"25":9,"26":36,"27":3,"28":36,"29":5,"30":5,"31":5,"32":5,"33":36,"34":5,"35":5,"36":5,"37":36,"38":36,"39":36,"40":36},"f":{"0":36,"1":13,"2":12,"3":31,"4":300,"5":300,"6":11,"7":10,"8":3,"9":5,"10":5},"b":{"0":[36],"1":[20,11],"2":[31,11],"3":[3,297],"4":[9,1],"5":[4,1]},"meta":{"lastBranch":6,"lastFunction":11,"lastStatement":41,"seen":{"f:22:16:22:34":0,"b:25:14:25:19":0,"s:27:25:27:Infinity":0,"s:28:41:28:Infinity":1,"s:29:33:29:Infinity":2,"s:30:31:30:Infinity":3,"s:31:8:31:Infinity":4,"s:32:8:32:Infinity":5,"s:35:2:37:Infinity":6,"f:35:12:35:Infinity":1,"s:36:4:36:Infinity":7,"s:39:2:41:Infinity":8,"f:39:12:39:Infinity":2,"s:40:4:40:Infinity":9,"s:43:2:59:Infinity":10,"f:43:12:43:Infinity":3,"b:44:4:44:Infinity:undefined:undefined:undefined:undefined":1,"s:44:4:44:Infinity":11,"b:44:8:44:22:44:22:44:42":2,"s:44:42:44:Infinity":12,"s:46:21:56:Infinity":13,"f:46:33:46:Infinity":4,"s:47:6:55:Infinity":14,"f:47:23:47:24":5,"b:48:8:53:Infinity:undefined:undefined:undefined:undefined":3,"s:48:8:53:Infinity":15,"s:49:10:49:Infinity":16,"s:50:10:50:Infinity":17,"s:51:10:51:Infinity":18,"s:52:10:52:Infinity":19,"s:54:8:54:Infinity":20,"s:58:4:58:Infinity":21,"f:58:11:58:17":6,"s:58:17:58:Infinity":22,"s:61:8:65:Infinity":23,"f:61:28:61:Infinity":7,"b:62:4:64:Infinity:undefined:undefined:undefined:undefined":4,"s:62:4:64:Infinity":24,"s:63:6:63:Infinity":25,"s:67:8:69:Infinity":26,"f:67:28:67:Infinity":8,"s:68:4:68:Infinity":27,"s:71:8:76:Infinity":28,"f:71:28:71:29":9,"s:72:20:72:76":29,"b:72:33:72:51:72:51:72:76":5,"s:73:4:73:Infinity":30,"s:74:4:74:Infinity":31,"s:75:4:75:Infinity":32,"s:78:8:82:Infinity":33,"f:78:33:78:Infinity":10,"s:79:17:79:Infinity":34,"s:80:17:80:Infinity":35,"s:81:4:81:Infinity":36,"s:84:18:84:Infinity":37,"s:85:18:85:Infinity":38,"s:86:27:86:Infinity":39,"s:88:2:99:Infinity":40}}}
,"C:\\Users\\ASUS\\Desktop\\shastra-lab-main\\shastra-lab-main\\src\\integrations\\supabase\\client.ts": {"path":"C:\\Users\\ASUS\\Desktop\\shastra-lab-main\\shastra-lab-main\\src\\integrations\\supabase\\client.ts","statementMap":{"0":{"start":{"line":5,"column":21},"end":{"line":5,"column":54}},"1":{"start":{"line":6,"column":33},"end":{"line":6,"column":78}},"2":{"start":{"line":11,"column":13},"end":{"line":17,"column":null}}},"fnMap":{},"branchMap":{},"s":{"0":1,"1":1,"2":1},"f":{},"b":{},"meta":{"lastBranch":0,"lastFunction":0,"lastStatement":3,"seen":{"s:5:21:5:54":0,"s:6:33:6:78":1,"s:11:13:17:Infinity":2}}}
,"C:\\Users\\ASUS\\Desktop\\shastra-lab-main\\shastra-lab-main\\src\\lib\\utils.ts": {"path":"C:\\Users\\ASUS\\Desktop\\shastra-lab-main\\shastra-lab-main\\src\\lib\\utils.ts","statementMap":{"0":{"start":{"line":5,"column":2},"end":{"line":5,"column":null}}},"fnMap":{"0":{"name":"cn","decl":{"start":{"line":4,"column":16},"end":{"line":4,"column":19}},"loc":{"start":{"line":4,"column":42},"end":{"line":6,"column":null}},"line":4}},"branchMap":{},"s":{"0":117},"f":{"0":117},"b":{},"meta":{"lastBranch":0,"lastFunction":1,"lastStatement":1,"seen":{"f:4:16:4:19":0,"s:5:2:5:Infinity":0}}}
}
